<?xml version="1.0" encoding="UTF-8"?>
<!-- Generated by org.testng.reporters.JUnitXMLReporter -->
<testsuite ignored="0" hostname="DESKTOP-F8P7PPD" failures="1" tests="2" name="Test(failed)(failed)" time="0.097" errors="0" timestamp="2022-06-24T14:52:23 IST">
  <testcase classname="TestNgStudy.TestFailexml1" name="p" time="0.017">
    <failure type="java.lang.AssertionError" message="null">
      <![CDATA[java.lang.AssertionError: null
at TestNgStudy.TestFailexml1.p(TestFailexml1.java:11)
at java.base/java.util.ArrayList.forEach(ArrayList.java:1541)
... Removed 29 stack frames]]>
    </failure>
  </testcase> <!-- p -->
  <testcase classname="TestNgStudy.TestFaileXML" name="a" time="0.003"/>
</testsuite> <!-- Test(failed)(failed) -->
