<?xml version="1.0" encoding="UTF-8"?>
<!-- Generated by org.testng.reporters.JUnitXMLReporter -->
<testsuite ignored="0" hostname="DESKTOP-F8P7PPD" failures="2" tests="6" name="Test" time="0.226" errors="0" timestamp="2022-07-04T11:34:17 IST">
  <testcase classname="ListenerSetup.TestNgTest3" name="myMethod1" time="0.012"/>
  <testcase classname="ListenerSetup.TestNgTest3" name="myMethod2" time="0.008">
    <failure type="java.lang.AssertionError" message="null">
      <![CDATA[java.lang.AssertionError: null
at ListenerSetup.TestNgTest3.myMethod2(TestNgTest3.java:19)
at java.base/java.util.ArrayList.forEach(ArrayList.java:1541)
... Removed 29 stack frames]]>
    </failure>
  </testcase> <!-- myMethod2 -->
  <testcase classname="ListenerSetup.TestNgTest3" name="myMethod3" time="0.0">
    <skipped/>
  </testcase> <!-- myMethod3 -->
  <testcase classname="ListenerSetup.TestNgTest2" name="myMethod4" time="0.004"/>
  <testcase classname="ListenerSetup.TestNgTest2" name="myMethod5" time="0.009">
    <failure type="java.lang.AssertionError" message="null">
      <![CDATA[java.lang.AssertionError: null
at ListenerSetup.TestNgTest2.myMethod5(TestNgTest2.java:20)
at java.base/java.util.ArrayList.forEach(ArrayList.java:1541)
... Removed 29 stack frames]]>
    </failure>
  </testcase> <!-- myMethod5 -->
  <testcase classname="ListenerSetup.TestNgTest2" name="myMethod6" time="0.0">
    <skipped/>
  </testcase> <!-- myMethod6 -->
</testsuite> <!-- Test -->
