<?xml version="1.0" encoding="UTF-8"?>
<!-- Generated by org.testng.reporters.JUnitXMLReporter -->
<testsuite ignored="0" hostname="DESKTOP-F8P7PPD" failures="0" tests="8" name="TestNgkeyword" time="0.156" errors="0" timestamp="2022-06-22T13:06:12 IST">
  <testcase classname="TestNgKeywords.InvocationCountKeyword" name="testInvocation" time="0.013"/>
  <testcase classname="TestNgKeywords.InvocationCountKeyword" name="testInvocation" time="0.004"/>
  <testcase classname="TestNgKeywords.InvocationCountKeyword" name="testInvocation" time="0.002"/>
  <testcase classname="TestNgKeywords.InvocationCountKeyword" name="testInvocation" time="0.002"/>
  <testcase classname="TestNgKeywords.InvocationCountKeyword" name="testInvocation" time="0.004"/>
  <testcase classname="TestNgKeywords.PriorityKeyword" name="b" time="0.002"/>
  <testcase classname="TestNgKeywords.PriorityKeyword" name="a" time="0.002"/>
  <testcase classname="TestNgKeywords.PriorityKeyword" name="c" time="0.002"/>
</testsuite> <!-- TestNgkeyword -->
